<?xml version="1.0" encoding="utf-8"?><testsuites name="pytest tests"><testsuite name="pytest" errors="0" failures="1" skipped="0" tests="21" time="2.799" timestamp="2026-03-30T03:39:18.652870+00:00" hostname="agent-env-d21e461c-4ebf-4a30-ba29-f80f0855695a"><testcase classname="backend.tests.test_ayurveda_api.TestHealthCheck" name="test_health_endpoint" time="0.182"><failure message="assert 404 == 200&#10; +  where 404 = &lt;Response [404]&gt;.status_code">backend/tests/test_ayurveda_api.py:18: in test_health_endpoint
    assert response.status_code == 200
E   assert 404 == 200
E    +  where 404 = &lt;Response [404]&gt;.status_code</failure></testcase><testcase classname="backend.tests.test_ayurveda_api.TestCategories" name="test_get_all_categories" time="0.141" /><testcase classname="backend.tests.test_ayurveda_api.TestCategories" name="test_categories_include_new_types" time="0.099" /><testcase classname="backend.tests.test_ayurveda_api.TestMedicines" name="test_get_all_medicines" time="0.166" /><testcase classname="backend.tests.test_ayurveda_api.TestMedicines" name="test_medicines_by_category_hair" time="0.181" /><testcase classname="backend.tests.test_ayurveda_api.TestMedicines" name="test_medicines_by_category_heart" time="0.122" /><testcase classname="backend.tests.test_ayurveda_api.TestMedicines" name="test_medicines_by_category_eyes" time="0.145" /><testcase classname="backend.tests.test_ayurveda_api.TestMedicines" name="test_medicines_by_category_women" time="0.120" /><testcase classname="backend.tests.test_ayurveda_api.TestMedicines" name="test_medicines_by_category_bp" time="0.112" /><testcase classname="backend.tests.test_ayurveda_api.TestMedicines" name="test_medicines_by_category_cholesterol" time="0.106" /><testcase classname="backend.tests.test_ayurveda_api.TestPractitioners" name="test_get_all_practitioners" time="0.139" /><testcase classname="backend.tests.test_ayurveda_api.TestPractitioners" name="test_get_practitioner_cities" time="0.107" /><testcase classname="backend.tests.test_ayurveda_api.TestPractitioners" name="test_practitioners_by_city_colombo" time="0.139" /><testcase classname="backend.tests.test_ayurveda_api.TestPractitioners" name="test_practitioners_by_city_kandy" time="0.137" /><testcase classname="backend.tests.test_ayurveda_api.TestPractitioners" name="test_practitioners_by_city_galle" time="0.100" /><testcase classname="backend.tests.test_ayurveda_api.TestPractitioners" name="test_practitioners_by_city_jaffna" time="0.105" /><testcase classname="backend.tests.test_ayurveda_api.TestPractitioners" name="test_practitioners_by_city_pune" time="0.125" /><testcase classname="backend.tests.test_ayurveda_api.TestPractitioners" name="test_practitioners_by_city_ahmedabad" time="0.096" /><testcase classname="backend.tests.test_ayurveda_api.TestPractitioners" name="test_practitioners_by_city_kolkata" time="0.104" /><testcase classname="backend.tests.test_ayurveda_api.TestPractitioners" name="test_practitioners_by_city_lucknow" time="0.107" /><testcase classname="backend.tests.test_ayurveda_api.TestSymptoms" name="test_get_all_symptoms" time="0.103" /></testsuite></testsuites>